<?xml version="1.0" encoding="UTF-8"?>
<coverage generated="1721648532618" clover="3.2.0">
  <project timestamp="1721648532618" name="All files">
    <metrics statements="52" coveredstatements="33" conditionals="6" coveredconditionals="2" methods="10" coveredmethods="8" elements="68" coveredelements="43" complexity="0" loc="52" ncloc="52" packages="4" files="11" classes="11"/>
    <package name="Config">
      <metrics statements="3" coveredstatements="3" conditionals="0" coveredconditionals="0" methods="0" coveredmethods="0"/>
      <file name="db.js" path="/Users/felicianomandjam/Desktop/Developpement_Web /formationCreteil /projectJurySieli/Back/Config/db.js">
        <metrics statements="1" coveredstatements="1" conditionals="0" coveredconditionals="0" methods="0" coveredmethods="0"/>
        <line num="5" count="1" type="stmt"/>
      </file>
      <file name="env.js" path="/Users/felicianomandjam/Desktop/Developpement_Web /formationCreteil /projectJurySieli/Back/Config/env.js">
        <metrics statements="2" coveredstatements="2" conditionals="0" coveredconditionals="0" methods="0" coveredmethods="0"/>
        <line num="3" count="1" type="stmt"/>
        <line num="5" count="1" type="stmt"/>
      </file>
    </package>
    <package name="Controllers">
      <metrics statements="25" coveredstatements="7" conditionals="4" coveredconditionals="0" methods="3" coveredmethods="1"/>
      <file name="user.controller.js" path="/Users/felicianomandjam/Desktop/Developpement_Web /formationCreteil /projectJurySieli/Back/Controllers/user.controller.js">
        <metrics statements="25" coveredstatements="7" conditionals="4" coveredconditionals="0" methods="3" coveredmethods="1"/>
        <line num="7" count="1" type="stmt"/>
        <line num="8" count="1" type="stmt"/>
        <line num="10" count="1" type="stmt"/>
        <line num="11" count="1" type="stmt"/>
        <line num="12" count="1" type="stmt"/>
        <line num="14" count="0" type="stmt"/>
        <line num="15" count="0" type="stmt"/>
        <line num="19" count="1" type="stmt"/>
        <line num="21" count="0" type="stmt"/>
        <line num="23" count="0" type="stmt"/>
        <line num="26" count="0" type="stmt"/>
        <line num="32" count="0" type="stmt"/>
        <line num="35" count="0" type="stmt"/>
        <line num="36" count="0" type="stmt"/>
        <line num="37" count="0" type="stmt"/>
        <line num="41" count="1" type="stmt"/>
        <line num="42" count="0" type="stmt"/>
        <line num="44" count="0" type="stmt"/>
        <line num="49" count="0" type="cond" truecount="0" falsecount="2"/>
        <line num="51" count="0" type="stmt"/>
        <line num="57" count="0" type="cond" truecount="0" falsecount="2"/>
        <line num="59" count="0" type="stmt"/>
        <line num="70" count="0" type="stmt"/>
        <line num="74" count="0" type="stmt"/>
        <line num="76" count="0" type="stmt"/>
      </file>
    </package>
    <package name="Models">
      <metrics statements="20" coveredstatements="19" conditionals="2" coveredconditionals="2" methods="7" coveredmethods="7"/>
      <file name="category.model.js" path="/Users/felicianomandjam/Desktop/Developpement_Web /formationCreteil /projectJurySieli/Back/Models/category.model.js">
        <metrics statements="1" coveredstatements="1" conditionals="0" coveredconditionals="0" methods="1" coveredmethods="1"/>
        <line num="2" count="1" type="stmt"/>
      </file>
      <file name="comments.model.js" path="/Users/felicianomandjam/Desktop/Developpement_Web /formationCreteil /projectJurySieli/Back/Models/comments.model.js">
        <metrics statements="1" coveredstatements="1" conditionals="0" coveredconditionals="0" methods="1" coveredmethods="1"/>
        <line num="2" count="1" type="stmt"/>
      </file>
      <file name="contact.model.js" path="/Users/felicianomandjam/Desktop/Developpement_Web /formationCreteil /projectJurySieli/Back/Models/contact.model.js">
        <metrics statements="1" coveredstatements="1" conditionals="0" coveredconditionals="0" methods="1" coveredmethods="1"/>
        <line num="2" count="1" type="stmt"/>
      </file>
      <file name="index.js" path="/Users/felicianomandjam/Desktop/Developpement_Web /formationCreteil /projectJurySieli/Back/Models/index.js">
        <metrics statements="14" coveredstatements="13" conditionals="2" coveredconditionals="2" methods="1" coveredmethods="1"/>
        <line num="11" count="1" type="stmt"/>
        <line num="12" count="1" type="stmt"/>
        <line num="13" count="1" type="stmt"/>
        <line num="15" count="0" type="stmt"/>
        <line num="18" count="1" type="stmt"/>
        <line num="19" count="1" type="stmt"/>
        <line num="20" count="1" type="stmt"/>
        <line num="21" count="1" type="stmt"/>
        <line num="22" count="1" type="stmt"/>
        <line num="23" count="1" type="stmt"/>
        <line num="28" count="1" type="stmt"/>
        <line num="52" count="1" type="stmt"/>
        <line num="53" count="1" type="stmt"/>
        <line num="63" count="2" type="cond" truecount="2" falsecount="0"/>
      </file>
      <file name="post.model.js" path="/Users/felicianomandjam/Desktop/Developpement_Web /formationCreteil /projectJurySieli/Back/Models/post.model.js">
        <metrics statements="1" coveredstatements="1" conditionals="0" coveredconditionals="0" methods="1" coveredmethods="1"/>
        <line num="2" count="1" type="stmt"/>
      </file>
      <file name="product.model.js" path="/Users/felicianomandjam/Desktop/Developpement_Web /formationCreteil /projectJurySieli/Back/Models/product.model.js">
        <metrics statements="1" coveredstatements="1" conditionals="0" coveredconditionals="0" methods="1" coveredmethods="1"/>
        <line num="2" count="1" type="stmt"/>
      </file>
      <file name="user.model.js" path="/Users/felicianomandjam/Desktop/Developpement_Web /formationCreteil /projectJurySieli/Back/Models/user.model.js">
        <metrics statements="1" coveredstatements="1" conditionals="0" coveredconditionals="0" methods="1" coveredmethods="1"/>
        <line num="2" count="1" type="stmt"/>
      </file>
    </package>
    <package name="Routes">
      <metrics statements="4" coveredstatements="4" conditionals="0" coveredconditionals="0" methods="0" coveredmethods="0"/>
      <file name="user.routes.js" path="/Users/felicianomandjam/Desktop/Developpement_Web /formationCreteil /projectJurySieli/Back/Routes/user.routes.js">
        <metrics statements="4" coveredstatements="4" conditionals="0" coveredconditionals="0" methods="0" coveredmethods="0"/>
        <line num="4" count="1" type="stmt"/>
        <line num="7" count="1" type="stmt"/>
        <line num="10" count="1" type="stmt"/>
        <line num="11" count="1" type="stmt"/>
      </file>
    </package>
  </project>
</coverage>
