{"/Users/felicianomandjam/Desktop/Developpement_Web /formationCreteil /projectJurySieli/Back/Config/db.js": {"path":"/Users/felicianomandjam/Desktop/Developpement_Web /formationCreteil /projectJurySieli/Back/Config/db.js","statementMap":{"0":{"start":{"line":5,"column":19},"end":{"line":18,"column":1}}},"fnMap":{},"branchMap":{},"s":{"0":3},"f":{},"b":{},"inputSourceMap":null,"_coverageSchema":"1a1c01bbd47fc00a2c39e90264f33305004495a9","hash":"0455831ae012af1682d07db0e291a0e91dc1fe80"}
,"/Users/felicianomandjam/Desktop/Developpement_Web /formationCreteil /projectJurySieli/Back/Config/env.js": {"path":"/Users/felicianomandjam/Desktop/Developpement_Web /formationCreteil /projectJurySieli/Back/Config/env.js","statementMap":{"0":{"start":{"line":3,"column":0},"end":{"line":3,"column":16}},"1":{"start":{"line":5,"column":19},"end":{"line":28,"column":1}}},"fnMap":{},"branchMap":{},"s":{"0":3,"1":3},"f":{},"b":{},"inputSourceMap":null,"_coverageSchema":"1a1c01bbd47fc00a2c39e90264f33305004495a9","hash":"5b80e0eb68d5597cb93bb93811f6e3e2ad5823bb"}
,"/Users/felicianomandjam/Desktop/Developpement_Web /formationCreteil /projectJurySieli/Back/Controllers/category.controller.js": {"path":"/Users/felicianomandjam/Desktop/Developpement_Web /formationCreteil /projectJurySieli/Back/Controllers/category.controller.js","statementMap":{"0":{"start":{"line":4,"column":12},"end":{"line":14,"column":1}},"1":{"start":{"line":5,"column":2},"end":{"line":13,"column":3}},"2":{"start":{"line":6,"column":21},"end":{"line":6,"column":52}},"3":{"start":{"line":7,"column":4},"end":{"line":7,"column":58}},"4":{"start":{"line":8,"column":4},"end":{"line":8,"column":26}},"5":{"start":{"line":10,"column":4},"end":{"line":10,"column":23}},"6":{"start":{"line":11,"column":4},"end":{"line":11,"column":60}},"7":{"start":{"line":12,"column":4},"end":{"line":12,"column":11}},"8":{"start":{"line":17,"column":15},"end":{"line":27,"column":1}},"9":{"start":{"line":18,"column":2},"end":{"line":26,"column":3}},"10":{"start":{"line":19,"column":23},"end":{"line":19,"column":47}},"11":{"start":{"line":20,"column":4},"end":{"line":20,"column":28}},"12":{"start":{"line":21,"column":4},"end":{"line":21,"column":63}},"13":{"start":{"line":21,"column":21},"end":{"line":21,"column":63}},"14":{"start":{"line":22,"column":4},"end":{"line":22,"column":37}},"15":{"start":{"line":24,"column":4},"end":{"line":24,"column":23}},"16":{"start":{"line":25,"column":4},"end":{"line":25,"column":57}},"17":{"start":{"line":29,"column":15},"end":{"line":40,"column":1}},"18":{"start":{"line":30,"column":2},"end":{"line":39,"column":3}},"19":{"start":{"line":31,"column":21},"end":{"line":31,"column":79}},"20":{"start":{"line":32,"column":4},"end":{"line":32,"column":26}},"21":{"start":{"line":33,"column":4},"end":{"line":33,"column":63}},"22":{"start":{"line":33,"column":19},"end":{"line":33,"column":63}},"23":{"start":{"line":34,"column":4},"end":{"line":34,"column":35}},"24":{"start":{"line":36,"column":4},"end":{"line":36,"column":23}},"25":{"start":{"line":37,"column":4},"end":{"line":37,"column":57}},"26":{"start":{"line":38,"column":4},"end":{"line":38,"column":11}},"27":{"start":{"line":42,"column":16},"end":{"line":53,"column":1}},"28":{"start":{"line":43,"column":2},"end":{"line":52,"column":3}},"29":{"start":{"line":44,"column":21},"end":{"line":44,"column":59}},"30":{"start":{"line":46,"column":4},"end":{"line":46,"column":63}},"31":{"start":{"line":46,"column":19},"end":{"line":46,"column":63}},"32":{"start":{"line":47,"column":4},"end":{"line":47,"column":35}},"33":{"start":{"line":49,"column":4},"end":{"line":49,"column":23}},"34":{"start":{"line":50,"column":4},"end":{"line":50,"column":57}},"35":{"start":{"line":51,"column":4},"end":{"line":51,"column":11}},"36":{"start":{"line":56,"column":19},"end":{"line":69,"column":1}},"37":{"start":{"line":57,"column":2},"end":{"line":68,"column":3}},"38":{"start":{"line":58,"column":21},"end":{"line":58,"column":59}},"39":{"start":{"line":59,"column":4},"end":{"line":59,"column":36}},"40":{"start":{"line":61,"column":4},"end":{"line":61,"column":64}},"41":{"start":{"line":61,"column":19},"end":{"line":61,"column":64}},"42":{"start":{"line":63,"column":4},"end":{"line":63,"column":35}},"43":{"start":{"line":65,"column":4},"end":{"line":65,"column":23}},"44":{"start":{"line":66,"column":4},"end":{"line":66,"column":59}},"45":{"start":{"line":67,"column":4},"end":{"line":67,"column":11}},"46":{"start":{"line":71,"column":19},"end":{"line":82,"column":1}},"47":{"start":{"line":72,"column":2},"end":{"line":81,"column":3}},"48":{"start":{"line":73,"column":21},"end":{"line":73,"column":77}},"49":{"start":{"line":74,"column":4},"end":{"line":74,"column":26}},"50":{"start":{"line":75,"column":4},"end":{"line":75,"column":63}},"51":{"start":{"line":75,"column":19},"end":{"line":75,"column":63}},"52":{"start":{"line":76,"column":4},"end":{"line":76,"column":45}},"53":{"start":{"line":78,"column":4},"end":{"line":78,"column":23}},"54":{"start":{"line":79,"column":4},"end":{"line":79,"column":53}},"55":{"start":{"line":80,"column":4},"end":{"line":80,"column":11}}},"fnMap":{"0":{"name":"(anonymous_0)","decl":{"start":{"line":4,"column":12},"end":{"line":4,"column":13}},"loc":{"start":{"line":4,"column":38},"end":{"line":14,"column":1}},"line":4},"1":{"name":"(anonymous_1)","decl":{"start":{"line":17,"column":15},"end":{"line":17,"column":16}},"loc":{"start":{"line":17,"column":41},"end":{"line":27,"column":1}},"line":17},"2":{"name":"(anonymous_2)","decl":{"start":{"line":29,"column":15},"end":{"line":29,"column":16}},"loc":{"start":{"line":29,"column":41},"end":{"line":40,"column":1}},"line":29},"3":{"name":"(anonymous_3)","decl":{"start":{"line":42,"column":16},"end":{"line":42,"column":17}},"loc":{"start":{"line":42,"column":42},"end":{"line":53,"column":1}},"line":42},"4":{"name":"(anonymous_4)","decl":{"start":{"line":56,"column":19},"end":{"line":56,"column":20}},"loc":{"start":{"line":56,"column":45},"end":{"line":69,"column":1}},"line":56},"5":{"name":"(anonymous_5)","decl":{"start":{"line":71,"column":19},"end":{"line":71,"column":20}},"loc":{"start":{"line":71,"column":45},"end":{"line":82,"column":1}},"line":71}},"branchMap":{"0":{"loc":{"start":{"line":21,"column":4},"end":{"line":21,"column":63}},"type":"if","locations":[{"start":{"line":21,"column":4},"end":{"line":21,"column":63}},{"start":{},"end":{}}],"line":21},"1":{"loc":{"start":{"line":33,"column":4},"end":{"line":33,"column":63}},"type":"if","locations":[{"start":{"line":33,"column":4},"end":{"line":33,"column":63}},{"start":{},"end":{}}],"line":33},"2":{"loc":{"start":{"line":46,"column":4},"end":{"line":46,"column":63}},"type":"if","locations":[{"start":{"line":46,"column":4},"end":{"line":46,"column":63}},{"start":{},"end":{}}],"line":46},"3":{"loc":{"start":{"line":61,"column":4},"end":{"line":61,"column":64}},"type":"if","locations":[{"start":{"line":61,"column":4},"end":{"line":61,"column":64}},{"start":{},"end":{}}],"line":61},"4":{"loc":{"start":{"line":75,"column":4},"end":{"line":75,"column":63}},"type":"if","locations":[{"start":{"line":75,"column":4},"end":{"line":75,"column":63}},{"start":{},"end":{}}],"line":75}},"s":{"0":1,"1":1,"2":1,"3":1,"4":1,"5":0,"6":0,"7":0,"8":1,"9":1,"10":1,"11":1,"12":1,"13":0,"14":1,"15":0,"16":0,"17":1,"18":0,"19":0,"20":0,"21":0,"22":0,"23":0,"24":0,"25":0,"26":0,"27":1,"28":0,"29":0,"30":0,"31":0,"32":0,"33":0,"34":0,"35":0,"36":1,"37":0,"38":0,"39":0,"40":0,"41":0,"42":0,"43":0,"44":0,"45":0,"46":1,"47":0,"48":0,"49":0,"50":0,"51":0,"52":0,"53":0,"54":0,"55":0},"f":{"0":1,"1":1,"2":0,"3":0,"4":0,"5":0},"b":{"0":[0,1],"1":[0,0],"2":[0,0],"3":[0,0],"4":[0,0]},"inputSourceMap":null,"_coverageSchema":"1a1c01bbd47fc00a2c39e90264f33305004495a9","hash":"0b3431e8def6c6ad7030ef130e691c8ead5f4d7b"}
,"/Users/felicianomandjam/Desktop/Developpement_Web /formationCreteil /projectJurySieli/Back/Controllers/product.controller.js": {"path":"/Users/felicianomandjam/Desktop/Developpement_Web /formationCreteil /projectJurySieli/Back/Controllers/product.controller.js","statementMap":{"0":{"start":{"line":4,"column":12},"end":{"line":14,"column":1}},"1":{"start":{"line":5,"column":2},"end":{"line":13,"column":3}},"2":{"start":{"line":6,"column":20},"end":{"line":6,"column":50}},"3":{"start":{"line":7,"column":4},"end":{"line":7,"column":57}},"4":{"start":{"line":8,"column":4},"end":{"line":8,"column":25}},"5":{"start":{"line":10,"column":4},"end":{"line":10,"column":23}},"6":{"start":{"line":11,"column":4},"end":{"line":11,"column":59}},"7":{"start":{"line":12,"column":4},"end":{"line":12,"column":11}},"8":{"start":{"line":17,"column":15},"end":{"line":27,"column":1}},"9":{"start":{"line":18,"column":2},"end":{"line":26,"column":3}},"10":{"start":{"line":19,"column":23},"end":{"line":19,"column":46}},"11":{"start":{"line":20,"column":4},"end":{"line":20,"column":28}},"12":{"start":{"line":21,"column":4},"end":{"line":21,"column":62}},"13":{"start":{"line":21,"column":21},"end":{"line":21,"column":62}},"14":{"start":{"line":22,"column":4},"end":{"line":22,"column":37}},"15":{"start":{"line":24,"column":4},"end":{"line":24,"column":23}},"16":{"start":{"line":25,"column":4},"end":{"line":25,"column":57}},"17":{"start":{"line":29,"column":15},"end":{"line":40,"column":1}},"18":{"start":{"line":30,"column":2},"end":{"line":39,"column":3}},"19":{"start":{"line":31,"column":20},"end":{"line":31,"column":77}},"20":{"start":{"line":32,"column":4},"end":{"line":32,"column":25}},"21":{"start":{"line":33,"column":4},"end":{"line":33,"column":61}},"22":{"start":{"line":33,"column":18},"end":{"line":33,"column":61}},"23":{"start":{"line":34,"column":4},"end":{"line":34,"column":34}},"24":{"start":{"line":36,"column":4},"end":{"line":36,"column":23}},"25":{"start":{"line":37,"column":4},"end":{"line":37,"column":56}},"26":{"start":{"line":38,"column":4},"end":{"line":38,"column":11}},"27":{"start":{"line":42,"column":16},"end":{"line":53,"column":1}},"28":{"start":{"line":43,"column":2},"end":{"line":52,"column":3}},"29":{"start":{"line":44,"column":20},"end":{"line":44,"column":57}},"30":{"start":{"line":46,"column":4},"end":{"line":46,"column":61}},"31":{"start":{"line":46,"column":18},"end":{"line":46,"column":61}},"32":{"start":{"line":47,"column":4},"end":{"line":47,"column":34}},"33":{"start":{"line":49,"column":4},"end":{"line":49,"column":23}},"34":{"start":{"line":50,"column":4},"end":{"line":50,"column":56}},"35":{"start":{"line":51,"column":4},"end":{"line":51,"column":11}},"36":{"start":{"line":55,"column":19},"end":{"line":68,"column":1}},"37":{"start":{"line":56,"column":2},"end":{"line":67,"column":3}},"38":{"start":{"line":57,"column":20},"end":{"line":57,"column":57}},"39":{"start":{"line":58,"column":4},"end":{"line":58,"column":35}},"40":{"start":{"line":60,"column":4},"end":{"line":60,"column":59}},"41":{"start":{"line":60,"column":18},"end":{"line":60,"column":59}},"42":{"start":{"line":62,"column":4},"end":{"line":62,"column":34}},"43":{"start":{"line":64,"column":4},"end":{"line":64,"column":23}},"44":{"start":{"line":65,"column":4},"end":{"line":65,"column":58}},"45":{"start":{"line":66,"column":4},"end":{"line":66,"column":11}},"46":{"start":{"line":70,"column":19},"end":{"line":81,"column":1}},"47":{"start":{"line":71,"column":2},"end":{"line":80,"column":3}},"48":{"start":{"line":72,"column":20},"end":{"line":72,"column":75}},"49":{"start":{"line":73,"column":4},"end":{"line":73,"column":25}},"50":{"start":{"line":74,"column":4},"end":{"line":74,"column":61}},"51":{"start":{"line":74,"column":18},"end":{"line":74,"column":61}},"52":{"start":{"line":75,"column":4},"end":{"line":75,"column":41}},"53":{"start":{"line":77,"column":4},"end":{"line":77,"column":23}},"54":{"start":{"line":78,"column":4},"end":{"line":78,"column":53}},"55":{"start":{"line":79,"column":4},"end":{"line":79,"column":11}}},"fnMap":{"0":{"name":"(anonymous_0)","decl":{"start":{"line":4,"column":12},"end":{"line":4,"column":13}},"loc":{"start":{"line":4,"column":38},"end":{"line":14,"column":1}},"line":4},"1":{"name":"(anonymous_1)","decl":{"start":{"line":17,"column":15},"end":{"line":17,"column":16}},"loc":{"start":{"line":17,"column":41},"end":{"line":27,"column":1}},"line":17},"2":{"name":"(anonymous_2)","decl":{"start":{"line":29,"column":15},"end":{"line":29,"column":16}},"loc":{"start":{"line":29,"column":41},"end":{"line":40,"column":1}},"line":29},"3":{"name":"(anonymous_3)","decl":{"start":{"line":42,"column":16},"end":{"line":42,"column":17}},"loc":{"start":{"line":42,"column":42},"end":{"line":53,"column":1}},"line":42},"4":{"name":"(anonymous_4)","decl":{"start":{"line":55,"column":19},"end":{"line":55,"column":20}},"loc":{"start":{"line":55,"column":45},"end":{"line":68,"column":1}},"line":55},"5":{"name":"(anonymous_5)","decl":{"start":{"line":70,"column":19},"end":{"line":70,"column":20}},"loc":{"start":{"line":70,"column":45},"end":{"line":81,"column":1}},"line":70}},"branchMap":{"0":{"loc":{"start":{"line":21,"column":4},"end":{"line":21,"column":62}},"type":"if","locations":[{"start":{"line":21,"column":4},"end":{"line":21,"column":62}},{"start":{},"end":{}}],"line":21},"1":{"loc":{"start":{"line":33,"column":4},"end":{"line":33,"column":61}},"type":"if","locations":[{"start":{"line":33,"column":4},"end":{"line":33,"column":61}},{"start":{},"end":{}}],"line":33},"2":{"loc":{"start":{"line":46,"column":4},"end":{"line":46,"column":61}},"type":"if","locations":[{"start":{"line":46,"column":4},"end":{"line":46,"column":61}},{"start":{},"end":{}}],"line":46},"3":{"loc":{"start":{"line":60,"column":4},"end":{"line":60,"column":59}},"type":"if","locations":[{"start":{"line":60,"column":4},"end":{"line":60,"column":59}},{"start":{},"end":{}}],"line":60},"4":{"loc":{"start":{"line":74,"column":4},"end":{"line":74,"column":61}},"type":"if","locations":[{"start":{"line":74,"column":4},"end":{"line":74,"column":61}},{"start":{},"end":{}}],"line":74}},"s":{"0":1,"1":0,"2":0,"3":0,"4":0,"5":0,"6":0,"7":0,"8":1,"9":1,"10":1,"11":1,"12":1,"13":0,"14":1,"15":0,"16":0,"17":1,"18":0,"19":0,"20":0,"21":0,"22":0,"23":0,"24":0,"25":0,"26":0,"27":1,"28":0,"29":0,"30":0,"31":0,"32":0,"33":0,"34":0,"35":0,"36":1,"37":0,"38":0,"39":0,"40":0,"41":0,"42":0,"43":0,"44":0,"45":0,"46":1,"47":0,"48":0,"49":0,"50":0,"51":0,"52":0,"53":0,"54":0,"55":0},"f":{"0":0,"1":1,"2":0,"3":0,"4":0,"5":0},"b":{"0":[0,1],"1":[0,0],"2":[0,0],"3":[0,0],"4":[0,0]},"inputSourceMap":null,"_coverageSchema":"1a1c01bbd47fc00a2c39e90264f33305004495a9","hash":"e2f564adb57a87d942539c3ba0d09d9e8669062e"}
,"/Users/felicianomandjam/Desktop/Developpement_Web /formationCreteil /projectJurySieli/Back/Controllers/user.controller.js": {"path":"/Users/felicianomandjam/Desktop/Developpement_Web /formationCreteil /projectJurySieli/Back/Controllers/user.controller.js","statementMap":{"0":{"start":{"line":7,"column":22},"end":{"line":17,"column":1}},"1":{"start":{"line":8,"column":2},"end":{"line":16,"column":3}},"2":{"start":{"line":10,"column":18},"end":{"line":10,"column":38}},"3":{"start":{"line":11,"column":4},"end":{"line":11,"column":32}},"4":{"start":{"line":12,"column":4},"end":{"line":12,"column":25}},"5":{"start":{"line":14,"column":4},"end":{"line":14,"column":23}},"6":{"start":{"line":15,"column":4},"end":{"line":15,"column":44}},"7":{"start":{"line":19,"column":16},"end":{"line":32,"column":1}},"8":{"start":{"line":20,"column":2},"end":{"line":31,"column":3}},"9":{"start":{"line":22,"column":15},"end":{"line":22,"column":28}},"10":{"start":{"line":24,"column":17},"end":{"line":24,"column":40}},"11":{"start":{"line":26,"column":4},"end":{"line":26,"column":31}},"12":{"start":{"line":29,"column":4},"end":{"line":29,"column":23}},"13":{"start":{"line":30,"column":4},"end":{"line":30,"column":44}},"14":{"start":{"line":34,"column":22},"end":{"line":48,"column":1}},"15":{"start":{"line":35,"column":2},"end":{"line":47,"column":3}},"16":{"start":{"line":37,"column":17},"end":{"line":39,"column":6}},"17":{"start":{"line":40,"column":4},"end":{"line":40,"column":22}},"18":{"start":{"line":42,"column":4},"end":{"line":42,"column":55}},"19":{"start":{"line":42,"column":15},"end":{"line":42,"column":55}},"20":{"start":{"line":43,"column":4},"end":{"line":43,"column":31}},"21":{"start":{"line":45,"column":4},"end":{"line":45,"column":23}},"22":{"start":{"line":46,"column":4},"end":{"line":46,"column":57}},"23":{"start":{"line":51,"column":17},"end":{"line":66,"column":1}},"24":{"start":{"line":53,"column":2},"end":{"line":65,"column":3}},"25":{"start":{"line":55,"column":27},"end":{"line":55,"column":67}},"26":{"start":{"line":57,"column":4},"end":{"line":57,"column":65}},"27":{"start":{"line":59,"column":4},"end":{"line":59,"column":51}},"28":{"start":{"line":62,"column":4},"end":{"line":62,"column":23}},"29":{"start":{"line":63,"column":4},"end":{"line":63,"column":52}},"30":{"start":{"line":64,"column":4},"end":{"line":64,"column":16}},"31":{"start":{"line":69,"column":14},"end":{"line":106,"column":1}},"32":{"start":{"line":70,"column":2},"end":{"line":105,"column":3}},"33":{"start":{"line":72,"column":17},"end":{"line":74,"column":6}},"34":{"start":{"line":77,"column":4},"end":{"line":77,"column":61}},"35":{"start":{"line":77,"column":15},"end":{"line":77,"column":61}},"36":{"start":{"line":79,"column":28},"end":{"line":82,"column":5}},"37":{"start":{"line":85,"column":4},"end":{"line":85,"column":79}},"38":{"start":{"line":85,"column":26},"end":{"line":85,"column":79}},"39":{"start":{"line":87,"column":18},"end":{"line":96,"column":5}},"40":{"start":{"line":98,"column":4},"end":{"line":101,"column":18}},"41":{"start":{"line":102,"column":4},"end":{"line":102,"column":33}},"42":{"start":{"line":104,"column":4},"end":{"line":104,"column":36}},"43":{"start":{"line":109,"column":19},"end":{"line":125,"column":1}},"44":{"start":{"line":110,"column":2},"end":{"line":124,"column":3}},"45":{"start":{"line":112,"column":17},"end":{"line":112,"column":51}},"46":{"start":{"line":115,"column":4},"end":{"line":115,"column":32}},"47":{"start":{"line":117,"column":4},"end":{"line":117,"column":63}},"48":{"start":{"line":117,"column":15},"end":{"line":117,"column":63}},"49":{"start":{"line":119,"column":4},"end":{"line":119,"column":31}},"50":{"start":{"line":122,"column":4},"end":{"line":122,"column":23}},"51":{"start":{"line":123,"column":4},"end":{"line":123,"column":61}},"52":{"start":{"line":128,"column":19},"end":{"line":142,"column":1}},"53":{"start":{"line":129,"column":2},"end":{"line":141,"column":3}},"54":{"start":{"line":131,"column":24},"end":{"line":131,"column":76}},"55":{"start":{"line":133,"column":4},"end":{"line":133,"column":29}},"56":{"start":{"line":134,"column":4},"end":{"line":134,"column":70}},"57":{"start":{"line":134,"column":22},"end":{"line":134,"column":70}},"58":{"start":{"line":136,"column":4},"end":{"line":136,"column":41}},"59":{"start":{"line":139,"column":4},"end":{"line":139,"column":23}},"60":{"start":{"line":140,"column":4},"end":{"line":140,"column":52}}},"fnMap":{"0":{"name":"(anonymous_0)","decl":{"start":{"line":7,"column":22},"end":{"line":7,"column":23}},"loc":{"start":{"line":7,"column":42},"end":{"line":17,"column":1}},"line":7},"1":{"name":"(anonymous_1)","decl":{"start":{"line":19,"column":16},"end":{"line":19,"column":17}},"loc":{"start":{"line":19,"column":36},"end":{"line":32,"column":1}},"line":19},"2":{"name":"(anonymous_2)","decl":{"start":{"line":34,"column":22},"end":{"line":34,"column":23}},"loc":{"start":{"line":34,"column":42},"end":{"line":48,"column":1}},"line":34},"3":{"name":"(anonymous_3)","decl":{"start":{"line":51,"column":17},"end":{"line":51,"column":18}},"loc":{"start":{"line":51,"column":43},"end":{"line":66,"column":1}},"line":51},"4":{"name":"(anonymous_4)","decl":{"start":{"line":69,"column":14},"end":{"line":69,"column":15}},"loc":{"start":{"line":69,"column":34},"end":{"line":106,"column":1}},"line":69},"5":{"name":"(anonymous_5)","decl":{"start":{"line":109,"column":19},"end":{"line":109,"column":20}},"loc":{"start":{"line":109,"column":39},"end":{"line":125,"column":1}},"line":109},"6":{"name":"(anonymous_6)","decl":{"start":{"line":128,"column":19},"end":{"line":128,"column":20}},"loc":{"start":{"line":128,"column":39},"end":{"line":142,"column":1}},"line":128}},"branchMap":{"0":{"loc":{"start":{"line":42,"column":4},"end":{"line":42,"column":55}},"type":"if","locations":[{"start":{"line":42,"column":4},"end":{"line":42,"column":55}},{"start":{},"end":{}}],"line":42},"1":{"loc":{"start":{"line":77,"column":4},"end":{"line":77,"column":61}},"type":"if","locations":[{"start":{"line":77,"column":4},"end":{"line":77,"column":61}},{"start":{},"end":{}}],"line":77},"2":{"loc":{"start":{"line":85,"column":4},"end":{"line":85,"column":79}},"type":"if","locations":[{"start":{"line":85,"column":4},"end":{"line":85,"column":79}},{"start":{},"end":{}}],"line":85},"3":{"loc":{"start":{"line":117,"column":4},"end":{"line":117,"column":63}},"type":"if","locations":[{"start":{"line":117,"column":4},"end":{"line":117,"column":63}},{"start":{},"end":{}}],"line":117},"4":{"loc":{"start":{"line":134,"column":4},"end":{"line":134,"column":70}},"type":"if","locations":[{"start":{"line":134,"column":4},"end":{"line":134,"column":70}},{"start":{},"end":{}}],"line":134}},"s":{"0":1,"1":1,"2":1,"3":1,"4":1,"5":0,"6":0,"7":1,"8":0,"9":0,"10":0,"11":0,"12":0,"13":0,"14":1,"15":0,"16":0,"17":0,"18":0,"19":0,"20":0,"21":0,"22":0,"23":1,"24":0,"25":0,"26":0,"27":0,"28":0,"29":0,"30":0,"31":1,"32":0,"33":0,"34":0,"35":0,"36":0,"37":0,"38":0,"39":0,"40":0,"41":0,"42":0,"43":1,"44":0,"45":0,"46":0,"47":0,"48":0,"49":0,"50":0,"51":0,"52":1,"53":0,"54":0,"55":0,"56":0,"57":0,"58":0,"59":0,"60":0},"f":{"0":1,"1":0,"2":0,"3":0,"4":0,"5":0,"6":0},"b":{"0":[0,0],"1":[0,0],"2":[0,0],"3":[0,0],"4":[0,0]},"inputSourceMap":null,"_coverageSchema":"1a1c01bbd47fc00a2c39e90264f33305004495a9","hash":"8ada92f17024ca6f6927d77c3e1351e3476cbe0d"}
,"/Users/felicianomandjam/Desktop/Developpement_Web /formationCreteil /projectJurySieli/Back/Models/category.model.js": {"path":"/Users/felicianomandjam/Desktop/Developpement_Web /formationCreteil /projectJurySieli/Back/Models/category.model.js","statementMap":{"0":{"start":{"line":2,"column":2},"end":{"line":14,"column":4}}},"fnMap":{"0":{"name":"(anonymous_0)","decl":{"start":{"line":1,"column":15},"end":{"line":1,"column":16}},"loc":{"start":{"line":1,"column":42},"end":{"line":15,"column":1}},"line":1}},"branchMap":{},"s":{"0":3},"f":{"0":3},"b":{},"inputSourceMap":null,"_coverageSchema":"1a1c01bbd47fc00a2c39e90264f33305004495a9","hash":"910df1a6963e8c6521bf11dda4c6ce2b9214def8"}
,"/Users/felicianomandjam/Desktop/Developpement_Web /formationCreteil /projectJurySieli/Back/Models/comments.model.js": {"path":"/Users/felicianomandjam/Desktop/Developpement_Web /formationCreteil /projectJurySieli/Back/Models/comments.model.js","statementMap":{"0":{"start":{"line":2,"column":2},"end":{"line":29,"column":4}}},"fnMap":{"0":{"name":"(anonymous_0)","decl":{"start":{"line":1,"column":15},"end":{"line":1,"column":16}},"loc":{"start":{"line":1,"column":42},"end":{"line":30,"column":1}},"line":1}},"branchMap":{},"s":{"0":3},"f":{"0":3},"b":{},"inputSourceMap":null,"_coverageSchema":"1a1c01bbd47fc00a2c39e90264f33305004495a9","hash":"158d9eba0d6257f777b2939060b3f11f68b18a84"}
,"/Users/felicianomandjam/Desktop/Developpement_Web /formationCreteil /projectJurySieli/Back/Models/contact.model.js": {"path":"/Users/felicianomandjam/Desktop/Developpement_Web /formationCreteil /projectJurySieli/Back/Models/contact.model.js","statementMap":{"0":{"start":{"line":2,"column":4},"end":{"line":30,"column":6}}},"fnMap":{"0":{"name":"(anonymous_0)","decl":{"start":{"line":1,"column":15},"end":{"line":1,"column":16}},"loc":{"start":{"line":1,"column":42},"end":{"line":31,"column":3}},"line":1}},"branchMap":{},"s":{"0":3},"f":{"0":3},"b":{},"inputSourceMap":null,"_coverageSchema":"1a1c01bbd47fc00a2c39e90264f33305004495a9","hash":"3984a74295b4ba94648c21524bf1a01480c028b3"}
,"/Users/felicianomandjam/Desktop/Developpement_Web /formationCreteil /projectJurySieli/Back/Models/index.js": {"path":"/Users/felicianomandjam/Desktop/Developpement_Web /formationCreteil /projectJurySieli/Back/Models/index.js","statementMap":{"0":{"start":{"line":11,"column":0},"end":{"line":16,"column":1}},"1":{"start":{"line":12,"column":2},"end":{"line":12,"column":34}},"2":{"start":{"line":13,"column":2},"end":{"line":13,"column":39}},"3":{"start":{"line":15,"column":2},"end":{"line":15,"column":65}},"4":{"start":{"line":18,"column":0},"end":{"line":18,"column":33}},"5":{"start":{"line":19,"column":0},"end":{"line":19,"column":36}},"6":{"start":{"line":20,"column":0},"end":{"line":20,"column":37}},"7":{"start":{"line":21,"column":0},"end":{"line":21,"column":36}},"8":{"start":{"line":22,"column":0},"end":{"line":22,"column":33}},"9":{"start":{"line":23,"column":0},"end":{"line":23,"column":37}},"10":{"start":{"line":25,"column":60},"end":{"line":25,"column":77}},"11":{"start":{"line":29,"column":0},"end":{"line":29,"column":66}},"12":{"start":{"line":30,"column":0},"end":{"line":30,"column":71}},"13":{"start":{"line":32,"column":0},"end":{"line":32,"column":64}},"14":{"start":{"line":33,"column":0},"end":{"line":33,"column":62}},"15":{"start":{"line":35,"column":0},"end":{"line":35,"column":58}},"16":{"start":{"line":36,"column":0},"end":{"line":36,"column":61}},"17":{"start":{"line":38,"column":0},"end":{"line":38,"column":62}},"18":{"start":{"line":39,"column":0},"end":{"line":39,"column":64}},"19":{"start":{"line":41,"column":0},"end":{"line":41,"column":54}},"20":{"start":{"line":42,"column":0},"end":{"line":42,"column":35}}},"fnMap":{},"branchMap":{},"s":{"0":3,"1":3,"2":3,"3":0,"4":3,"5":3,"6":3,"7":3,"8":3,"9":3,"10":3,"11":3,"12":3,"13":3,"14":3,"15":3,"16":3,"17":3,"18":3,"19":3,"20":3},"f":{},"b":{},"inputSourceMap":null,"_coverageSchema":"1a1c01bbd47fc00a2c39e90264f33305004495a9","hash":"25af2fe34a8ff64caa764bebd6ebc13f19646020"}
,"/Users/felicianomandjam/Desktop/Developpement_Web /formationCreteil /projectJurySieli/Back/Models/post.model.js": {"path":"/Users/felicianomandjam/Desktop/Developpement_Web /formationCreteil /projectJurySieli/Back/Models/post.model.js","statementMap":{"0":{"start":{"line":2,"column":2},"end":{"line":25,"column":4}}},"fnMap":{"0":{"name":"(anonymous_0)","decl":{"start":{"line":1,"column":15},"end":{"line":1,"column":16}},"loc":{"start":{"line":1,"column":42},"end":{"line":26,"column":1}},"line":1}},"branchMap":{},"s":{"0":3},"f":{"0":3},"b":{},"inputSourceMap":null,"_coverageSchema":"1a1c01bbd47fc00a2c39e90264f33305004495a9","hash":"57c7dd9c7cc4710db8502087393a526e3be5a504"}
,"/Users/felicianomandjam/Desktop/Developpement_Web /formationCreteil /projectJurySieli/Back/Models/product.model.js": {"path":"/Users/felicianomandjam/Desktop/Developpement_Web /formationCreteil /projectJurySieli/Back/Models/product.model.js","statementMap":{"0":{"start":{"line":2,"column":4},"end":{"line":25,"column":6}}},"fnMap":{"0":{"name":"(anonymous_0)","decl":{"start":{"line":1,"column":15},"end":{"line":1,"column":16}},"loc":{"start":{"line":1,"column":42},"end":{"line":26,"column":3}},"line":1}},"branchMap":{},"s":{"0":3},"f":{"0":3},"b":{},"inputSourceMap":null,"_coverageSchema":"1a1c01bbd47fc00a2c39e90264f33305004495a9","hash":"5f5e1d24c8126f0428680285a1cf900cab79f4b7"}
,"/Users/felicianomandjam/Desktop/Developpement_Web /formationCreteil /projectJurySieli/Back/Models/user.model.js": {"path":"/Users/felicianomandjam/Desktop/Developpement_Web /formationCreteil /projectJurySieli/Back/Models/user.model.js","statementMap":{"0":{"start":{"line":2,"column":2},"end":{"line":38,"column":4}}},"fnMap":{"0":{"name":"(anonymous_0)","decl":{"start":{"line":1,"column":15},"end":{"line":1,"column":16}},"loc":{"start":{"line":1,"column":42},"end":{"line":39,"column":1}},"line":1}},"branchMap":{},"s":{"0":3},"f":{"0":3},"b":{},"inputSourceMap":null,"_coverageSchema":"1a1c01bbd47fc00a2c39e90264f33305004495a9","hash":"268d873104a5bc7939f85cfe7632efd0e6a254ca"}
,"/Users/felicianomandjam/Desktop/Developpement_Web /formationCreteil /projectJurySieli/Back/Routes/category.routes.js": {"path":"/Users/felicianomandjam/Desktop/Developpement_Web /formationCreteil /projectJurySieli/Back/Routes/category.routes.js","statementMap":{"0":{"start":{"line":4,"column":15},"end":{"line":4,"column":31}},"1":{"start":{"line":7,"column":0},"end":{"line":7,"column":49}},"2":{"start":{"line":8,"column":0},"end":{"line":8,"column":49}},"3":{"start":{"line":9,"column":0},"end":{"line":9,"column":47}},"4":{"start":{"line":12,"column":0},"end":{"line":12,"column":44}},"5":{"start":{"line":15,"column":0},"end":{"line":15,"column":50}},"6":{"start":{"line":18,"column":0},"end":{"line":18,"column":53}}},"fnMap":{},"branchMap":{},"s":{"0":1,"1":1,"2":1,"3":1,"4":1,"5":1,"6":1},"f":{},"b":{},"inputSourceMap":null,"_coverageSchema":"1a1c01bbd47fc00a2c39e90264f33305004495a9","hash":"e756e0f8bf9e2b5a99f44414310cdb8f2b9c99c9"}
,"/Users/felicianomandjam/Desktop/Developpement_Web /formationCreteil /projectJurySieli/Back/Routes/product.routes.js": {"path":"/Users/felicianomandjam/Desktop/Developpement_Web /formationCreteil /projectJurySieli/Back/Routes/product.routes.js","statementMap":{"0":{"start":{"line":3,"column":15},"end":{"line":3,"column":31}},"1":{"start":{"line":6,"column":0},"end":{"line":6,"column":48}},"2":{"start":{"line":7,"column":0},"end":{"line":7,"column":48}},"3":{"start":{"line":8,"column":0},"end":{"line":8,"column":46}},"4":{"start":{"line":11,"column":0},"end":{"line":11,"column":43}},"5":{"start":{"line":14,"column":0},"end":{"line":14,"column":49}},"6":{"start":{"line":17,"column":0},"end":{"line":17,"column":52}}},"fnMap":{},"branchMap":{},"s":{"0":1,"1":1,"2":1,"3":1,"4":1,"5":1,"6":1},"f":{},"b":{},"inputSourceMap":null,"_coverageSchema":"1a1c01bbd47fc00a2c39e90264f33305004495a9","hash":"8e3e7a5ce62612eb8ef22e76d7dc850578515a0b"}
,"/Users/felicianomandjam/Desktop/Developpement_Web /formationCreteil /projectJurySieli/Back/Routes/user.routes.js": {"path":"/Users/felicianomandjam/Desktop/Developpement_Web /formationCreteil /projectJurySieli/Back/Routes/user.routes.js","statementMap":{"0":{"start":{"line":4,"column":15},"end":{"line":4,"column":31}},"1":{"start":{"line":7,"column":0},"end":{"line":7,"column":45}},"2":{"start":{"line":8,"column":0},"end":{"line":8,"column":59}},"3":{"start":{"line":9,"column":0},"end":{"line":9,"column":43}},"4":{"start":{"line":12,"column":0},"end":{"line":12,"column":44}},"5":{"start":{"line":13,"column":0},"end":{"line":13,"column":50}},"6":{"start":{"line":16,"column":0},"end":{"line":16,"column":49}},"7":{"start":{"line":19,"column":0},"end":{"line":19,"column":46}}},"fnMap":{},"branchMap":{},"s":{"0":1,"1":1,"2":1,"3":1,"4":1,"5":1,"6":1,"7":1},"f":{},"b":{},"inputSourceMap":null,"_coverageSchema":"1a1c01bbd47fc00a2c39e90264f33305004495a9","hash":"ce77af4e30d936c873f6f7c499e0c81d9a95d05f"}
}
